2025-06-15T18:21:16: 
> kokoro-tts@0.1.0 start
> PORT=3006 next start

2025-06-15T19:27:28: 
> kokoro-tts@0.1.0 start
> PORT=3006 next start

2025-06-15T19:28:47: 
> kokoro-tts@0.1.0 start
> PORT=3006 next start

2025-06-15T19:40:59: 
> kokoro-tts@0.1.0 start
> PORT=3006 next start

2025-06-15T19:46:35: 
> kokoro-tts@0.1.0 start
> PORT=3006 next start

2025-06-15T19:53:33: 
> kokoro-tts@0.1.0 start
> PORT=3006 next start

2025-06-15T20:17:21: 
> kokoro-tts@0.1.0 start
> PORT=3006 next start

2025-06-15T20:32:21: 
> kokoro-tts@0.1.0 start
> PORT=3006 next start

2025-06-15T21:03:03: 
> kokoro-tts@0.1.0 start
> PORT=3006 next start

2025-06-15T21:06:22: 
> kokoro-tts@0.1.0 start
> PORT=3006 next start

2025-06-15T21:20:36: 
> kokoro-tts@0.1.0 start
> PORT=3006 next start

2025-06-15T21:26:06: 
> kokoro-tts@0.1.0 start
> PORT=3006 next start

2025-06-17T09:48:38: 
> kokoro-tts@0.1.0 start
> PORT=3006 next start

2025-06-17T16:07:53: 
> kokoro-tts@0.1.0 start
> PORT=3006 next start

2025-06-17T16:08:00: 
> kokoro-tts@0.1.0 start
> PORT=3006 next start

2025-06-17T16:15:18: 
> kokoro-tts@0.1.0 start
> PORT=3006 next start

2025-06-17T16:19:25: 
> kokoro-tts@0.1.0 start
> PORT=3006 next start

2025-06-17T16:23:51: 
> kokoro-tts@0.1.0 start
> PORT=3006 next start

2025-06-17T16:24:43: 
> kokoro-tts@0.1.0 start
> PORT=3006 next start

2025-06-17T16:25:52: 
> kokoro-tts@0.1.0 start
> PORT=3006 next start

2025-06-17T16:31:55: 
> kokoro-tts@0.1.0 start
> PORT=3006 next start

2025-06-17T16:39:22: 
> kokoro-tts@0.1.0 start
> PORT=3006 next start

2025-06-17T16:41:18: 
> kokoro-tts@0.1.0 start
> PORT=3006 next start

2025-06-18T15:37:58: 2025-06-18T15:37:58: 2025-06-18T15:37:58: 
> kokoro-tts@0.1.0 start
> PORT=3006 next start

2025-06-20T11:58:34: 2025-06-20T11:58:34: 2025-06-20T11:58:34: 2025-06-20T11:58:34: 
> kokoro-tts@0.1.0 start
> PORT=3006 next start

2025-06-23T21:53:49: 
> kokoro-tts@0.1.0 start
> PORT=3006 next start

2025-06-23T22:01:10: 
> kokoro-tts@0.1.0 start
> PORT=3006 next start

2025-06-23T22:03:57: 
> kokoro-tts@0.1.0 start
> PORT=3006 next start

2025-06-23T22:09:52: 
> kokoro-tts@0.1.0 start
> PORT=3006 next start

2025-06-23T22:16:20: 
> kokoro-tts@0.1.0 start
> PORT=3006 next start

2025-06-24T10:41:09: 
> kokoro-tts@0.1.0 start
> PORT=3006 next start

2025-06-24T10:57:52: 
> kokoro-tts@0.1.0 start
> PORT=3006 next start

2025-06-24T11:03:51: 
> kokoro-tts@0.1.0 start
> PORT=3006 next start

2025-06-24T11:05:27: 
> kokoro-tts@0.1.0 start
> PORT=3006 next start

2025-06-24T11:08:51: 
> kokoro-tts@0.1.0 start
> PORT=3006 next start

2025-06-24T11:13:23: 
> kokoro-tts@0.1.0 start
> PORT=3006 next start

2025-06-24T11:16:14: 
> kokoro-tts@0.1.0 start
> PORT=3006 next start

2025-06-24T11:27:52: 
> kokoro-tts@0.1.0 start
> PORT=3006 next start

2025-06-24T11:30:27: 
> kokoro-tts@0.1.0 start
> PORT=3006 next start

2025-06-24T11:38:49: 
> kokoro-tts@0.1.0 start
> PORT=3006 next start

